\BOOKMARK [1][-]{section*.1}{\376\377\000M\000a\000t\000r\000i\000x\000\040\000E\000x\000p\000o\000n\000e\000n\000t\000i\000a\000l}{}% 1
\BOOKMARK [1][-]{section*.2}{\376\377\000C\000T\000\040\000t\000o\000\040\000D\000T}{}% 2
\BOOKMARK [2][-]{section*.3}{\376\377\000D\000i\000s\000c\000r\000e\000t\000i\000z\000a\000t\000i\000o\000n\000\040\000o\000f\000\040\000C\000T\000\040\000L\000T\000I\000\040\000S\000y\000s\000t\000e\000m\000s}{section*.2}% 3
\BOOKMARK [1][-]{section*.4}{\376\377\000D\000i\000s\000c\000r\000e\000t\000e\000-\000T\000i\000m\000e\000\040\000L\000T\000I\000\040\000S\000y\000s\000t\000e\000m\000s}{}% 4
\BOOKMARK [2][-]{section*.5}{\376\377\000D\000T\000\040\000C\000l\000a\000s\000s\000i\000f\000i\000c\000a\000t\000i\000o\000n}{section*.4}% 5
\BOOKMARK [3][-]{section*.6}{\376\377\000D\000e\000f\000i\000n\000i\000t\000i\000o\000n\000s\000\040\000o\000f\000\040\000u\000s\000e\000f\000u\000l\000\040\000D\000T\000\040\000s\000i\000g\000n\000a\000l\000s}{section*.5}% 6
\BOOKMARK [3][-]{section*.7}{\376\377\000C\000o\000n\000v\000o\000l\000u\000t\000i\000o\000n}{section*.5}% 7
\BOOKMARK [3][-]{section*.8}{\376\377\000R\000e\000s\000p\000o\000n\000s\000e\000\040\000t\000o\000\040\000A\000r\000b\000i\000t\000r\000a\000r\000y\000\040\000I\000n\000p\000u\000t\000s\000\040\000y\000[\000n\000]}{section*.5}% 8
\BOOKMARK [3][-]{section*.9}{\376\377\000S\000t\000e\000p\000\040\000r\000e\000s\000p\000o\000n\000s\000e\000\040\000r\000[\000n\000]}{section*.5}% 9
\BOOKMARK [3][-]{section*.10}{\376\377\000F\000i\000n\000i\000t\000e\000\040\000a\000n\000d\000\040\000I\000n\000f\000i\000n\000i\000t\000e\000\040\000I\000m\000p\000u\000l\000s\000e\000\040\000R\000e\000s\000p\000o\000n\000s\000e}{section*.5}% 10
\BOOKMARK [2][-]{section*.11}{\376\377\000L\000i\000n\000e\000a\000r\000\040\000C\000o\000n\000s\000t\000a\000n\000t\000-\000C\000o\000e\000f\000f\000i\000c\000i\000e\000n\000t\000\040\000D\000i\000f\000f\000e\000r\000e\000n\000c\000e\000\040\000E\000q\000u\000a\000t\000i\000o\000n\000s}{section*.4}% 11
\BOOKMARK [3][-]{section*.12}{\376\377\000D\000e\000f\000i\000n\000i\000t\000i\000o\000n}{section*.11}% 12
\BOOKMARK [3][-]{section*.13}{\376\377\000R\000e\000c\000u\000r\000s\000i\000v\000e\000\040\000D\000e\000f\000i\000n\000i\000t\000i\000o\000n}{section*.11}% 13
\BOOKMARK [3][-]{section*.14}{\376\377\000L\000C\000C\000D\000E\000\040\000<\000-\000>\000\040\000S\000t\000a\000t\000e\000-\000S\000p\000a\000c\000e}{section*.11}% 14
\BOOKMARK [3][-]{section*.15}{\376\377\000S\000t\000a\000t\000e\000-\000S\000p\000a\000c\000e\000\040\000<\000-\000>\000\040\000I\000m\000p\000u\000l\000s\000e\000\040\000R\000e\000s\000p\000o\000n\000s\000e}{section*.11}% 15
\BOOKMARK [1][-]{section*.16}{\376\377\000F\000r\000e\000q\000u\000e\000n\000c\000y\000\040\000D\000o\000m\000a\000i\000n\000\040\000C\000o\000n\000c\000e\000p\000t\000s}{}% 16
\BOOKMARK [2][-]{section*.17}{\376\377\000P\000e\000r\000i\000o\000d\000i\000c\000i\000t\000y\000\040\000C\000o\000n\000s\000t\000r\000a\000i\000n\000t}{section*.16}% 17
\BOOKMARK [2][-]{section*.18}{\376\377\000T\000h\000e\000\040\000z\000-\000T\000r\000a\000n\000s\000f\000o\000r\000m}{section*.16}% 18
\BOOKMARK [3][-]{section*.19}{\376\377\000C\000o\000m\000m\000o\000n\000\040\000z\000-\000T\000r\000a\000n\000s\000f\000o\000r\000m\000\040\000P\000a\000i\000r\000s}{section*.18}% 19
\BOOKMARK [3][-]{section*.20}{\376\377\000R\000e\000g\000i\000o\000n\000\040\000o\000f\000\040\000C\000o\000n\000v\000e\000r\000g\000e\000n\000c\000e\000\040\000\050\000R\000O\000C\000\051}{section*.18}% 20
\BOOKMARK [3][-]{section*.21}{\376\377\000T\000r\000a\000n\000s\000f\000e\000r\000\040\000F\000u\000n\000c\000t\000i\000o\000n\000s}{section*.18}% 21
\BOOKMARK [3][-]{section*.22}{\376\377\000T\000r\000a\000n\000s\000f\000e\000r\000\040\000F\000u\000n\000c\000t\000i\000o\000n\000s\000\040\000i\000n\000\040\000D\000i\000s\000c\000r\000e\000t\000e\000-\000T\000i\000m\000e}{section*.18}% 22
\BOOKMARK [3][-]{section*.23}{\376\377\000C\000a\000u\000s\000a\000l\000i\000t\000y\000-\000S\000t\000a\000b\000i\000l\000i\000t\000y\000\040\000T\000h\000e\000o\000r\000e\000m}{section*.18}% 23
\BOOKMARK [3][-]{section*.24}{\376\377\000C\000o\000m\000p\000l\000e\000x\000\040\000E\000x\000p\000o\000n\000e\000n\000t\000i\000a\000l}{section*.18}% 24
\BOOKMARK [1][-]{section*.25}{\376\377\000D\000i\000s\000c\000r\000e\000t\000e\000-\000T\000i\000m\000e\000\040\000F\000o\000u\000r\000i\000e\000r\000\040\000A\000n\000a\000l\000y\000s\000i\000s}{}% 25
\BOOKMARK [2][-]{section*.26}{\376\377\000D\000i\000s\000c\000r\000e\000t\000e\000-\000T\000i\000m\000e\000\040\000F\000o\000u\000r\000i\000e\000r\000\040\000T\000r\000a\000n\000s\000f\000o\000r\000m\000\040\000\050\000D\000T\000F\000T\000\051\000\040\000f\000t}{section*.25}% 26
\BOOKMARK [3][-]{section*.27}{\376\377\000D\000e\000f\000i\000n\000i\000t\000i\000o\000n}{section*.26}% 27
\BOOKMARK [3][-]{section*.28}{\376\377\000I\000n\000v\000e\000r\000s\000e\000\040\000D\000i\000s\000c\000r\000e\000t\000e\000-\000T\000i\000m\000e\000\040\000F\000o\000u\000r\000i\000e\000r\000\040\000T\000r\000a\000n\000s\000f\000o\000r\000m\000\040\000\050\000I\000D\000T\000F\000T\000\051}{section*.26}% 28
\BOOKMARK [3][-]{section*.29}{\376\377\000P\000r\000o\000p\000e\000r\000t\000i\000e\000s\000\040\000o\000f\000\040\000t\000h\000e\000\040\000F\000T}{section*.26}% 29
\BOOKMARK [3][-]{section*.30}{\376\377\000C\000o\000m\000m\000o\000n\000\040\000D\000T\000F\000T\000\040\000P\000a\000i\000r\000s}{section*.26}% 30
\BOOKMARK [3][-]{section*.31}{\376\377\000F\000r\000e\000q\000u\000e\000n\000c\000y\000\040\000R\000e\000s\000p\000o\000n\000s\000e\000\040\000o\000f\000\040\000L\000T\000I\000\040\000S\000y\000s\000t\000e\000m\000s}{section*.26}% 31
\BOOKMARK [3][-]{section*.32}{\376\377\000R\000e\000s\000p\000o\000n\000s\000e\000\040\000t\000o\000\040\000C\000o\000m\000p\000l\000e\000x\000\040\000E\000x\000p\000o\000n\000e\000n\000t\000i\000a\000l}{section*.26}% 32
\BOOKMARK [3][-]{section*.33}{\376\377\000R\000e\000s\000p\000o\000n\000s\000e\000\040\000t\000o\000\040\000R\000e\000a\000l\000\040\000S\000i\000n\000u\000s\000o\000i\000d\000s}{section*.26}% 33
\BOOKMARK [2][-]{section*.34}{\376\377\000D\000i\000s\000c\000r\000e\000t\000e\000\040\000F\000o\000u\000r\000i\000e\000r\000\040\000S\000e\000r\000i\000e\000s\000\040\000\050\000D\000F\000S\000\051\000\040}{section*.25}% 34
\BOOKMARK [3][-]{section*.35}{\376\377\000D\000e\000f\000i\000n\000i\000t\000i\000o\000n}{section*.34}% 35
\BOOKMARK [3][-]{section*.36}{\376\377\000P\000r\000o\000p\000e\000r\000t\000i\000e\000s\000\040\000o\000f\000\040\000t\000h\000e\000\040\000D\000F\000S}{section*.34}% 36
\BOOKMARK [3][-]{section*.37}{\376\377\000R\000e\000s\000p\000o\000n\000s\000e\000\040\000t\000o\000\040\000C\000o\000m\000p\000l\000e\000x\000\040\000E\000x\000p\000o\000n\000e\000n\000t\000i\000a\000l\000\040\000S\000e\000q\000u\000e\000n\000c\000e\000s}{section*.34}% 37
\BOOKMARK [3][-]{section*.38}{\376\377\000D\000F\000S\000\040\000<\000-\000>\000\040\000D\000T\000F\000T}{section*.34}% 38
\BOOKMARK [2][-]{section*.39}{\376\377\000D\000i\000s\000c\000r\000e\000t\000e\000\040\000F\000o\000u\000r\000i\000e\000r\000\040\000T\000r\000a\000n\000s\000f\000o\000r\000m\000\040\000\050\000D\000F\000T\000\051}{section*.25}% 39
\BOOKMARK [3][-]{section*.40}{\376\377\000D\000e\000f\000i\000n\000i\000t\000i\000o\000n}{section*.39}% 40
\BOOKMARK [2][-]{section*.41}{\376\377\000E\000f\000f\000e\000c\000t\000\040\000o\000f\000\040\000C\000a\000u\000s\000a\000l\000\040\000I\000n\000p\000u\000t\000s}{section*.25}% 41
\BOOKMARK [2][-]{section*.42}{\376\377\000A\000l\000i\000a\000s\000i\000n\000g}{section*.25}% 42
\BOOKMARK [1][-]{section*.43}{\376\377\000F\000i\000l\000t\000e\000r\000i\000n\000g\000\040\000B\000a\000s\000i\000c\000s}{}% 43
\BOOKMARK [2][-]{section*.44}{\376\377\000P\000r\000o\000b\000a\000b\000i\000l\000i\000t\000y\000\040\000D\000e\000n\000s\000i\000t\000y\000\040\000F\000u\000n\000c\000t\000i\000o\000n\000,\000\040\000E\000x\000p\000e\000c\000t\000e\000d\000\040\000V\000a\000l\000u\000e\000,\000\040\000V\000a\000r\000i\000a\000n\000c\000e}{section*.43}% 44
\BOOKMARK [3][-]{section*.45}{\376\377\000D\000e\000f\000i\000n\000i\000t\000i\000o\000n\000\040\000o\000f\000\040\000W\000h\000i\000t\000e\000\040\000N\000o\000i\000s\000e}{section*.44}% 45
\BOOKMARK [3][-]{section*.46}{\376\377\000P\000h\000a\000s\000e\000\040\000D\000e\000l\000a\000y\000\040\000o\000f\000\040\000a\000\040\000F\000i\000l\000t\000e\000r}{section*.44}% 46
\BOOKMARK [1][-]{section*.47}{\376\377\000F\000i\000n\000i\000t\000e\000\040\000I\000m\000p\000u\000l\000s\000e\000\040\000R\000e\000s\000p\000o\000n\000s\000e\000\040\000\050\000F\000I\000R\000\051\000\040\000F\000i\000l\000t\000e\000r\000s}{}% 47
\BOOKMARK [2][-]{section*.48}{\376\377\000D\000e\000f\000i\000n\000i\000t\000i\000o\000n\000s}{section*.47}% 48
\BOOKMARK [3][-]{section*.49}{\376\377\000T\000r\000a\000n\000s\000f\000e\000r\000\040\000F\000u\000n\000c\000t\000i\000o\000n\000\040\000a\000n\000d\000\040\000F\000r\000e\000q\000u\000e\000n\000c\000y\000\040\000R\000e\000s\000p\000o\000n\000s\000e}{section*.48}% 49
\BOOKMARK [2][-]{section*.50}{\376\377\000M\000o\000v\000i\000n\000g\000\040\000A\000v\000e\000r\000a\000g\000e\000\040\000\050\000M\000A\000\051\000\040\000F\000i\000l\000t\000e\000r}{section*.47}% 50
\BOOKMARK [3][-]{section*.51}{\376\377\000L\000C\000C\000D\000E\000\040\000a\000n\000d\000\040\000F\000r\000e\000q\000u\000e\000n\000c\000y\000\040\000R\000e\000s\000p\000o\000n\000s\000e}{section*.50}% 51
\BOOKMARK [3][-]{section*.52}{\376\377\000P\000h\000a\000s\000e\000\040\000R\000e\000s\000p\000o\000n\000s\000e}{section*.50}% 52
\BOOKMARK [3][-]{section*.53}{\376\377\000M\000a\000g\000n\000i\000t\000u\000d\000e\000\040\000R\000e\000s\000p\000o\000n\000s\000e}{section*.50}% 53
\BOOKMARK [2][-]{section*.54}{\376\377\000N\000o\000n\000-\000C\000a\000u\000s\000a\000l\000\040\000M\000o\000v\000i\000n\000g\000\040\000A\000v\000e\000r\000a\000g\000e\000\040\000\050\000N\000C\000M\000A\000\051\000\040\000F\000i\000l\000t\000e\000r}{section*.47}% 54
\BOOKMARK [2][-]{section*.55}{\376\377\000W\000e\000i\000g\000h\000t\000e\000d\000\040\000M\000o\000v\000i\000n\000g\000\040\000A\000v\000e\000r\000a\000g\000e\000\040\000\050\000W\000M\000A\000\051\000\040\000F\000i\000l\000t\000e\000r}{section*.47}% 55
\BOOKMARK [2][-]{section*.56}{\376\377\000N\000o\000n\000-\000C\000a\000u\000s\000a\000l\000\040\000W\000M\000A\000\040\000\050\000N\000C\000W\000M\000A\000\051\000\040\000F\000i\000l\000t\000e\000r}{section*.47}% 56
\BOOKMARK [1][-]{section*.57}{\376\377\000I\000n\000f\000i\000n\000i\000t\000e\000\040\000I\000m\000p\000u\000l\000s\000e\000\040\000R\000e\000s\000p\000o\000n\000s\000e\000\040\000\050\000I\000I\000R\000\051\000\040\000F\000i\000l\000t\000e\000r\000s}{}% 57
\BOOKMARK [2][-]{section*.58}{\376\377\000T\000r\000a\000n\000s\000f\000e\000r\000\040\000F\000u\000n\000c\000t\000i\000o\000n\000\040\000a\000n\000d\000\040\000F\000r\000e\000q\000u\000e\000n\000c\000y\000\040\000R\000e\000s\000p\000o\000n\000s\000e}{section*.57}% 58
\BOOKMARK [2][-]{section*.59}{\376\377\000F\000i\000r\000s\000t\000-\000O\000r\000d\000e\000r\000\040\000L\000o\000w\000-\000P\000a\000s\000s\000\040\000F\000i\000l\000t\000e\000r}{section*.57}% 59
\BOOKMARK [3][-]{section*.60}{\376\377\000T\000r\000a\000n\000s\000f\000e\000r\000\040\000F\000u\000n\000c\000t\000i\000o\000n\000\040\000a\000n\000d\000\040\000F\000r\000e\000q\000u\000e\000n\000c\000y\000\040\000R\000e\000s\000p\000o\000n\000s\000e}{section*.59}% 60
\BOOKMARK [3][-]{section*.61}{\376\377\000D\000e\000c\000a\000y\000\040\000T\000i\000m\000e}{section*.59}% 61
\BOOKMARK [2][-]{section*.62}{\376\377\000B\000u\000t\000t\000e\000r\000w\000o\000r\000t\000h\000\040\000F\000i\000l\000t\000e\000r\000\040\000D\000e\000s\000i\000g\000n\000\040\000\050\000L\000o\000w\000-\000P\000a\000s\000s\000\051}{section*.57}% 62
\BOOKMARK [3][-]{section*.63}{\376\377\000T\000r\000a\000n\000s\000f\000e\000r\000\040\000F\000u\000n\000c\000t\000i\000o\000n}{section*.62}% 63
\BOOKMARK [3][-]{section*.64}{\376\377\000C\000u\000t\000o\000f\000f\000\040\000F\000r\000e\000q\000u\000e\000n\000c\000y\000\040\000S\000p\000e\000c\000i\000f\000i\000c\000a\000t\000i\000o\000n}{section*.62}% 64
\BOOKMARK [3][-]{section*.65}{\376\377\000S\000e\000c\000o\000n\000d\000-\000O\000r\000d\000e\000r\000\040\000B\000u\000t\000t\000e\000r\000w\000o\000r\000t\000h\000\040\000L\000o\000w\000-\000P\000a\000s\000s\000\040\000F\000i\000l\000t\000e\000r}{section*.62}% 65
\BOOKMARK [1][-]{section*.66}{\376\377\000A\000p\000p\000l\000i\000e\000d\000-\000C\000o\000n\000c\000e\000p\000t\000s}{}% 66
\BOOKMARK [2][-]{section*.67}{\376\377\000M\000e\000d\000i\000a\000n\000\040\000F\000i\000l\000t\000e\000r}{section*.66}% 67
\BOOKMARK [2][-]{section*.68}{\376\377\000H\000i\000g\000h\000-\000P\000a\000s\000s\000\040\000F\000i\000l\000t\000e\000r\000\040\000D\000e\000s\000i\000g\000n}{section*.66}% 68
\BOOKMARK [3][-]{section*.69}{\376\377\000C\000T}{section*.68}% 69
\BOOKMARK [3][-]{section*.70}{\376\377\000D\000T}{section*.68}% 70
\BOOKMARK [2][-]{section*.71}{\376\377\000B\000a\000n\000d\000-\000P\000a\000s\000s\000\040\000F\000i\000l\000t\000e\000r\000\040\000D\000e\000s\000i\000g\000n}{section*.66}% 71
\BOOKMARK [3][-]{section*.72}{\376\377\000C\000T\000\040}{section*.71}% 72
\BOOKMARK [3][-]{section*.73}{\376\377\000C\000T}{section*.71}% 73
\BOOKMARK [2][-]{section*.74}{\376\377\000B\000a\000n\000d\000-\000S\000t\000o\000p\000\040\000F\000i\000l\000t\000e\000r\000\040\000D\000e\000s\000i\000g\000n}{section*.66}% 74
\BOOKMARK [3][-]{section*.75}{\376\377\000C\000T\000\040\000w\0000\000\040\000<\000<\000\040\000w\0001}{section*.74}% 75
\BOOKMARK [3][-]{section*.76}{\376\377\000C\000T}{section*.74}% 76
\BOOKMARK [3][-]{section*.77}{\376\377\000S\000e\000c\000o\000n\000d\000\040\000O\000r\000d\000e\000r\000\040\000N\000o\000t\000c\000h\000\040\000F\000i\000l\000t\000e\000r}{section*.74}% 77
\BOOKMARK [2][-]{section*.78}{\376\377\000B\000i\000l\000i\000n\000e\000a\000r\000\040\000T\000r\000a\000n\000s\000f\000o\000r\000m\000\040\000\050\000B\000T\000\051}{section*.66}% 78
\BOOKMARK [3][-]{section*.79}{\376\377\000F\000r\000e\000q\000u\000e\000n\000c\000y\000\040\000P\000r\000e\000w\000a\000r\000p\000i\000n\000g}{section*.78}% 79
\BOOKMARK [1][-]{section*.80}{\376\377\000S\000y\000s\000t\000e\000m\000\040\000I\000d\000e\000n\000t\000i\000f\000i\000c\000a\000t\000i\000o\000n}{}% 80
\BOOKMARK [2][-]{section*.81}{\376\377\000I\000d\000e\000n\000t\000i\000f\000i\000c\000a\000t\000i\000o\000n\000\040\000b\000a\000s\000e\000d\000\040\000o\000n\000\040\000I\000m\000p\000u\000l\000s\000e\000\040\000R\000e\000s\000p\000o\000n\000s\000e\000s}{section*.80}% 81
\BOOKMARK [3][-]{section*.82}{\376\377\000W\000i\000t\000h\000o\000u\000t\000\040\000N\000o\000i\000s\000e}{section*.81}% 82
\BOOKMARK [3][-]{section*.83}{\376\377\000W\000i\000t\000h\000\040\000N\000o\000i\000s\000e}{section*.81}% 83
\BOOKMARK [2][-]{section*.84}{\376\377\000I\000d\000e\000n\000t\000i\000f\000i\000c\000a\000t\000i\000o\000n\000\040\000u\000s\000i\000n\000g\000\040\000S\000i\000n\000u\000s\000o\000i\000d\000a\000l\000\040\000I\000n\000p\000u\000t\000s}{section*.80}% 84
\BOOKMARK [3][-]{section*.85}{\376\377\000F\000r\000e\000q\000u\000e\000n\000c\000y\000\040\000R\000e\000s\000p\000o\000n\000s\000e}{section*.84}% 85
\BOOKMARK [2][-]{section*.86}{\376\377\000I\000d\000e\000n\000t\000i\000f\000i\000c\000a\000t\000i\000o\000n\000\040\000o\000f\000\040\000t\000h\000e\000\040\000T\000r\000a\000n\000s\000f\000e\000r\000\040\000F\000u\000n\000c\000t\000i\000o\000n}{section*.80}% 86
